# JRE version: OpenJDK Runtime Environment (8.0_242) (build 1.8.0_242-release-1644-b3-6222593)
# Java VM: OpenJDK 64-Bit Server VM (25.242-b3-6222593 mixed mode linux-amd64 compressed oops)
Heap:
 PSYoungGen      total 330752K, used 23017K [0x00000000d5580000, 0x00000000f3080000, 0x0000000100000000)
  eden space 307712K, 0% used [0x00000000d5580000,0x00000000d5580000,0x00000000e8200000)
  from space 23040K, 99% used [0x00000000e8200000,0x00000000e987a6a0,0x00000000e9880000)
  to   space 32256K, 0% used [0x00000000f1100000,0x00000000f1100000,0x00000000f3080000)
 ParOldGen       total 59904K, used 51467K [0x0000000080000000, 0x0000000083a80000, 0x00000000d5580000)
  object space 59904K, 85% used [0x0000000080000000,0x0000000083242dd8,0x0000000083a80000)
 Metaspace       used 82241K, capacity 85862K, committed 86016K, reserved 1124352K
  class space    used 11043K, capacity 11765K, committed 11776K, reserved 1048576K
GC Heap History (10 events):
Event: 15,710 GC heap after
Heap after GC invocations=14 (full 2):
 PSYoungGen      total 223232K, used 10236K [0x00000000d5580000, 0x00000000e4380000, 0x0000000100000000)
  eden space 212992K, 0% used [0x00000000d5580000,0x00000000d5580000,0x00000000e2580000)
  from space 10240K, 99% used [0x00000000e3980000,0x00000000e437f1e8,0x00000000e4380000)
  to   space 12288K, 0% used [0x00000000e2b80000,0x00000000e2b80000,0x00000000e3780000)
 ParOldGen       total 34304K, used 18120K [0x0000000080000000, 0x0000000082180000, 0x00000000d5580000)
  object space 34304K, 52% used [0x0000000080000000,0x00000000811b21d0,0x0000000082180000)
 Metaspace       used 40560K, capacity 42188K, committed 42496K, reserved 1085440K
  class space    used 5472K, capacity 5804K, committed 5888K, reserved 1048576K
}
Event: 21,429 GC heap before
{Heap before GC invocations=15 (full 2):
 PSYoungGen      total 223232K, used 187403K [0x00000000d5580000, 0x00000000e4380000, 0x0000000100000000)
  eden space 212992K, 83% used [0x00000000d5580000,0x00000000e0283dc0,0x00000000e2580000)
  from space 10240K, 99% used [0x00000000e3980000,0x00000000e437f1e8,0x00000000e4380000)
  to   space 12288K, 0% used [0x00000000e2b80000,0x00000000e2b80000,0x00000000e3780000)
 ParOldGen       total 34304K, used 18120K [0x0000000080000000, 0x0000000082180000, 0x00000000d5580000)
  object space 34304K, 52% used [0x0000000080000000,0x00000000811b21d0,0x0000000082180000)
 Metaspace       used 56887K, capacity 59074K, committed 59160K, reserved 1099776K
  class space    used 7513K, capacity 7999K, committed 8064K, reserved 1048576K
Event: 21,516 GC heap after
Heap after GC invocations=15 (full 2):
 PSYoungGen      total 231424K, used 12257K [0x00000000d5580000, 0x00000000ead00000, 0x0000000100000000)
  eden space 219136K, 0% used [0x00000000d5580000,0x00000000d5580000,0x00000000e2b80000)
  from space 12288K, 99% used [0x00000000e2b80000,0x00000000e3778608,0x00000000e3780000)
  to   space 19968K, 0% used [0x00000000e9980000,0x00000000e9980000,0x00000000ead00000)
 ParOldGen       total 34304K, used 34113K [0x0000000080000000, 0x0000000082180000, 0x00000000d5580000)
  object space 34304K, 99% used [0x0000000080000000,0x0000000082150470,0x0000000082180000)
 Metaspace       used 56887K, capacity 59074K, committed 59160K, reserved 1099776K
  class space    used 7513K, capacity 7999K, committed 8064K, reserved 1048576K
}
Event: 21,516 GC heap before
{Heap before GC invocations=16 (full 3):
 PSYoungGen      total 231424K, used 12257K [0x00000000d5580000, 0x00000000ead00000, 0x0000000100000000)
  eden space 219136K, 0% used [0x00000000d5580000,0x00000000d5580000,0x00000000e2b80000)
  from space 12288K, 99% used [0x00000000e2b80000,0x00000000e3778608,0x00000000e3780000)
  to   space 19968K, 0% used [0x00000000e9980000,0x00000000e9980000,0x00000000ead00000)
 ParOldGen       total 34304K, used 34113K [0x0000000080000000, 0x0000000082180000, 0x00000000d5580000)
  object space 34304K, 99% used [0x0000000080000000,0x0000000082150470,0x0000000082180000)
 Metaspace       used 56887K, capacity 59074K, committed 59160K, reserved 1099776K
  class space    used 7513K, capacity 7999K, committed 8064K, reserved 1048576K
Event: 22,053 GC heap after
Heap after GC invocations=16 (full 3):
 PSYoungGen      total 231424K, used 5916K [0x00000000d5580000, 0x00000000ead00000, 0x0000000100000000)
  eden space 219136K, 0% used [0x00000000d5580000,0x00000000d5580000,0x00000000e2b80000)
  from space 12288K, 48% used [0x00000000e2b80000,0x00000000e3147070,0x00000000e3780000)
  to   space 19968K, 0% used [0x00000000e9980000,0x00000000e9980000,0x00000000ead00000)
 ParOldGen       total 59904K, used 34058K [0x0000000080000000, 0x0000000083a80000, 0x00000000d5580000)
  object space 59904K, 56% used [0x0000000080000000,0x00000000821429f0,0x0000000083a80000)
 Metaspace       used 56840K, capacity 58944K, committed 59160K, reserved 1099776K
  class space    used 7502K, capacity 7984K, committed 8064K, reserved 1048576K
}
Event: 28,718 GC heap before
{Heap before GC invocations=17 (full 3):
 PSYoungGen      total 231424K, used 225052K [0x00000000d5580000, 0x00000000ead00000, 0x0000000100000000)
  eden space 219136K, 100% used [0x00000000d5580000,0x00000000e2b80000,0x00000000e2b80000)
  from space 12288K, 48% used [0x00000000e2b80000,0x00000000e3147070,0x00000000e3780000)
  to   space 19968K, 0% used [0x00000000e9980000,0x00000000e9980000,0x00000000ead00000)
 ParOldGen       total 59904K, used 34058K [0x0000000080000000, 0x0000000083a80000, 0x00000000d5580000)
  object space 59904K, 56% used [0x0000000080000000,0x00000000821429f0,0x0000000083a80000)
 Metaspace       used 68535K, capacity 71380K, committed 71680K, reserved 1112064K
  class space    used 9314K, capacity 9863K, committed 9984K, reserved 1048576K
Event: 28,764 GC heap after
Heap after GC invocations=17 (full 3):
 PSYoungGen      total 327680K, used 19100K [0x00000000d5580000, 0x00000000eaf00000, 0x0000000100000000)
  eden space 307712K, 0% used [0x00000000d5580000,0x00000000d5580000,0x00000000e8200000)
  from space 19968K, 95% used [0x00000000e9980000,0x00000000eac27128,0x00000000ead00000)
  to   space 23040K, 0% used [0x00000000e8200000,0x00000000e8200000,0x00000000e9880000)
 ParOldGen       total 59904K, used 37942K [0x0000000080000000, 0x0000000083a80000, 0x00000000d5580000)
  object space 59904K, 63% used [0x0000000080000000,0x000000008250da20,0x0000000083a80000)
 Metaspace       used 68535K, capacity 71380K, committed 71680K, reserved 1112064K
  class space    used 9314K, capacity 9863K, committed 9984K, reserved 1048576K
}
Event: 36,621 GC heap before
{Heap before GC invocations=18 (full 3):
 PSYoungGen      total 327680K, used 326812K [0x00000000d5580000, 0x00000000eaf00000, 0x0000000100000000)
  eden space 307712K, 100% used [0x00000000d5580000,0x00000000e8200000,0x00000000e8200000)
  from space 19968K, 95% used [0x00000000e9980000,0x00000000eac27128,0x00000000ead00000)
  to   space 23040K, 0% used [0x00000000e8200000,0x00000000e8200000,0x00000000e9880000)
 ParOldGen       total 59904K, used 37942K [0x0000000080000000, 0x0000000083a80000, 0x00000000d5580000)
  object space 59904K, 63% used [0x0000000080000000,0x000000008250da20,0x0000000083a80000)
 Metaspace       used 82241K, capacity 85862K, committed 86016K, reserved 1124352K
  class space    used 11043K, capacity 11765K, committed 11776K, reserved 1048576K
Event: 36,682 GC heap after
Heap after GC invocations=18 (full 3):
 PSYoungGen      total 330752K, used 23017K [0x00000000d5580000, 0x00000000f3080000, 0x0000000100000000)
  eden space 307712K, 0% used [0x00000000d5580000,0x00000000d5580000,0x00000000e8200000)
  from space 23040K, 99% used [0x00000000e8200000,0x00000000e987a6a0,0x00000000e9880000)
  to   space 32256K, 0% used [0x00000000f1100000,0x00000000f1100000,0x00000000f3080000)
 ParOldGen       total 59904K, used 51467K [0x0000000080000000, 0x0000000083a80000, 0x00000000d5580000)
  object space 59904K, 85% used [0x0000000080000000,0x0000000083242dd8,0x0000000083a80000)
 Metaspace       used 82241K, capacity 85862K, committed 86016K, reserved 1124352K
  class space    used 11043K, capacity 11765K, committed 11776K, reserved 1048576K
}
Event: 36,682 GC heap before
{Heap before GC invocations=19 (full 4):
 PSYoungGen      total 330752K, used 23017K [0x00000000d5580000, 0x00000000f3080000, 0x0000000100000000)
  eden space 307712K, 0% used [0x00000000d5580000,0x00000000d5580000,0x00000000e8200000)
  from space 23040K, 99% used [0x00000000e8200000,0x00000000e987a6a0,0x00000000e9880000)
  to   space 32256K, 0% used [0x00000000f1100000,0x00000000f1100000,0x00000000f3080000)
 ParOldGen       total 59904K, used 51467K [0x0000000080000000, 0x0000000083a80000, 0x00000000d5580000)
  object space 59904K, 85% used [0x0000000080000000,0x0000000083242dd8,0x0000000083a80000)
 Metaspace       used 82241K, capacity 85862K, committed 86016K, reserved 1124352K
  class space    used 11043K, capacity 11765K, committed 11776K, reserved 1048576K

