# JRE version: OpenJDK Runtime Environment (8.0_242) (build 1.8.0_242-release-1644-b3-6222593)
# Java VM: OpenJDK 64-Bit Server VM (25.242-b3-6222593 mixed mode linux-amd64 compressed oops)
Heap:
 PSYoungGen      total 273408K, used 22900K [0x00000000d5580000, 0x00000000eb380000, 0x0000000100000000)
  eden space 228352K, 0% used [0x00000000d5580000,0x00000000d5580000,0x00000000e3480000)
  from space 45056K, 50% used [0x00000000e3480000,0x00000000e4add228,0x00000000e6080000)
  to   space 44544K, 0% used [0x00000000e8800000,0x00000000e8800000,0x00000000eb380000)
 ParOldGen       total 70144K, used 69353K [0x0000000080000000, 0x0000000084480000, 0x00000000d5580000)
  object space 70144K, 98% used [0x0000000080000000,0x00000000843ba538,0x0000000084480000)
 Metaspace       used 92842K, capacity 97342K, committed 97560K, reserved 1134592K
  class space    used 12460K, capacity 13280K, committed 13360K, reserved 1048576K
GC Heap History (10 events):
Event: 53,393 GC heap after
Heap after GC invocations=18 (full 3):
 PSYoungGen      total 203776K, used 21497K [0x00000000d5580000, 0x00000000e6380000, 0x0000000100000000)
  eden space 182272K, 0% used [0x00000000d5580000,0x00000000d5580000,0x00000000e0780000)
  from space 21504K, 99% used [0x00000000e0780000,0x00000000e1c7e648,0x00000000e1c80000)
  to   space 29184K, 0% used [0x00000000e4700000,0x00000000e4700000,0x00000000e6380000)
 ParOldGen       total 70144K, used 40542K [0x0000000080000000, 0x0000000084480000, 0x00000000d5580000)
  object space 70144K, 57% used [0x0000000080000000,0x0000000082797828,0x0000000084480000)
 Metaspace       used 68675K, capacity 71700K, committed 71832K, reserved 1112064K
  class space    used 9260K, capacity 9873K, committed 9904K, reserved 1048576K
}
Event: 77,316 GC heap before
{Heap before GC invocations=19 (full 3):
 PSYoungGen      total 203776K, used 203769K [0x00000000d5580000, 0x00000000e6380000, 0x0000000100000000)
  eden space 182272K, 100% used [0x00000000d5580000,0x00000000e0780000,0x00000000e0780000)
  from space 21504K, 99% used [0x00000000e0780000,0x00000000e1c7e648,0x00000000e1c80000)
  to   space 29184K, 0% used [0x00000000e4700000,0x00000000e4700000,0x00000000e6380000)
 ParOldGen       total 70144K, used 40542K [0x0000000080000000, 0x0000000084480000, 0x00000000d5580000)
  object space 70144K, 57% used [0x0000000080000000,0x0000000082797828,0x0000000084480000)
 Metaspace       used 74953K, capacity 78132K, committed 78232K, reserved 1116160K
  class space    used 10011K, capacity 10667K, committed 10672K, reserved 1048576K
Event: 77,377 GC heap after
Heap after GC invocations=19 (full 3):
 PSYoungGen      total 243712K, used 23487K [0x00000000d5580000, 0x00000000e6600000, 0x0000000100000000)
  eden space 214528K, 0% used [0x00000000d5580000,0x00000000d5580000,0x00000000e2700000)
  from space 29184K, 80% used [0x00000000e4700000,0x00000000e5defe88,0x00000000e6380000)
  to   space 32256K, 0% used [0x00000000e2700000,0x00000000e2700000,0x00000000e4680000)
 ParOldGen       total 70144K, used 48983K [0x0000000080000000, 0x0000000084480000, 0x00000000d5580000)
  object space 70144K, 69% used [0x0000000080000000,0x0000000082fd5e68,0x0000000084480000)
 Metaspace       used 74953K, capacity 78132K, committed 78232K, reserved 1116160K
  class space    used 10011K, capacity 10667K, committed 10672K, reserved 1048576K
}
Event: 155,181 GC heap before
{Heap before GC invocations=20 (full 3):
 PSYoungGen      total 243712K, used 238015K [0x00000000d5580000, 0x00000000e6600000, 0x0000000100000000)
  eden space 214528K, 100% used [0x00000000d5580000,0x00000000e2700000,0x00000000e2700000)
  from space 29184K, 80% used [0x00000000e4700000,0x00000000e5defe88,0x00000000e6380000)
  to   space 32256K, 0% used [0x00000000e2700000,0x00000000e2700000,0x00000000e4680000)
 ParOldGen       total 70144K, used 48983K [0x0000000080000000, 0x0000000084480000, 0x00000000d5580000)
  object space 70144K, 69% used [0x0000000080000000,0x0000000082fd5e68,0x0000000084480000)
 Metaspace       used 83177K, capacity 86614K, committed 86808K, reserved 1124352K
  class space    used 11099K, capacity 11780K, committed 11824K, reserved 1048576K
Event: 155,302 GC heap after
Heap after GC invocations=20 (full 3):
 PSYoungGen      total 246784K, used 30370K [0x00000000d5580000, 0x00000000e8480000, 0x0000000100000000)
  eden space 214528K, 0% used [0x00000000d5580000,0x00000000d5580000,0x00000000e2700000)
  from space 32256K, 94% used [0x00000000e2700000,0x00000000e44a8820,0x00000000e4680000)
  to   space 36864K, 0% used [0x00000000e6080000,0x00000000e6080000,0x00000000e8480000)
 ParOldGen       total 70144K, used 48991K [0x0000000080000000, 0x0000000084480000, 0x00000000d5580000)
  object space 70144K, 69% used [0x0000000080000000,0x0000000082fd7e68,0x0000000084480000)
 Metaspace       used 83177K, capacity 86614K, committed 86808K, reserved 1124352K
  class space    used 11099K, capacity 11780K, committed 11824K, reserved 1048576K
}
Event: 165,425 GC heap before
{Heap before GC invocations=21 (full 3):
 PSYoungGen      total 246784K, used 244898K [0x00000000d5580000, 0x00000000e8480000, 0x0000000100000000)
  eden space 214528K, 100% used [0x00000000d5580000,0x00000000e2700000,0x00000000e2700000)
  from space 32256K, 94% used [0x00000000e2700000,0x00000000e44a8820,0x00000000e4680000)
  to   space 36864K, 0% used [0x00000000e6080000,0x00000000e6080000,0x00000000e8480000)
 ParOldGen       total 70144K, used 48991K [0x0000000080000000, 0x0000000084480000, 0x00000000d5580000)
  object space 70144K, 69% used [0x0000000080000000,0x0000000082fd7e68,0x0000000084480000)
 Metaspace       used 92048K, capacity 96482K, committed 96664K, reserved 1132544K
  class space    used 12342K, capacity 13174K, committed 13232K, reserved 1048576K
Event: 165,525 GC heap after
Heap after GC invocations=21 (full 3):
 PSYoungGen      total 265216K, used 36834K [0x00000000d5580000, 0x00000000e9880000, 0x0000000100000000)
  eden space 228352K, 0% used [0x00000000d5580000,0x00000000d5580000,0x00000000e3480000)
  from space 36864K, 99% used [0x00000000e6080000,0x00000000e8478b20,0x00000000e8480000)
  to   space 45056K, 0% used [0x00000000e3480000,0x00000000e3480000,0x00000000e6080000)
 ParOldGen       total 70144K, used 52950K [0x0000000080000000, 0x0000000084480000, 0x00000000d5580000)
  object space 70144K, 75% used [0x0000000080000000,0x00000000833b5bb8,0x0000000084480000)
 Metaspace       used 92048K, capacity 96482K, committed 96664K, reserved 1132544K
  class space    used 12342K, capacity 13174K, committed 13232K, reserved 1048576K
}
Event: 169,292 GC heap before
{Heap before GC invocations=22 (full 3):
 PSYoungGen      total 265216K, used 265186K [0x00000000d5580000, 0x00000000e9880000, 0x0000000100000000)
  eden space 228352K, 100% used [0x00000000d5580000,0x00000000e3480000,0x00000000e3480000)
  from space 36864K, 99% used [0x00000000e6080000,0x00000000e8478b20,0x00000000e8480000)
  to   space 45056K, 0% used [0x00000000e3480000,0x00000000e3480000,0x00000000e6080000)
 ParOldGen       total 70144K, used 52950K [0x0000000080000000, 0x0000000084480000, 0x00000000d5580000)
  object space 70144K, 75% used [0x0000000080000000,0x00000000833b5bb8,0x0000000084480000)
 Metaspace       used 92842K, capacity 97342K, committed 97560K, reserved 1134592K
  class space    used 12460K, capacity 13280K, committed 13360K, reserved 1048576K
Event: 169,392 GC heap after
Heap after GC invocations=22 (full 3):
 PSYoungGen      total 273408K, used 22900K [0x00000000d5580000, 0x00000000eb380000, 0x0000000100000000)
  eden space 228352K, 0% used [0x00000000d5580000,0x00000000d5580000,0x00000000e3480000)
  from space 45056K, 50% used [0x00000000e3480000,0x00000000e4add228,0x00000000e6080000)
  to   space 44544K, 0% used [0x00000000e8800000,0x00000000e8800000,0x00000000eb380000)
 ParOldGen       total 70144K, used 69353K [0x0000000080000000, 0x0000000084480000, 0x00000000d5580000)
  object space 70144K, 98% used [0x0000000080000000,0x00000000843ba538,0x0000000084480000)
 Metaspace       used 92842K, capacity 97342K, committed 97560K, reserved 1134592K
  class space    used 12460K, capacity 13280K, committed 13360K, reserved 1048576K
}
Event: 169,529 GC heap before
{Heap before GC invocations=23 (full 4):
 PSYoungGen      total 273408K, used 22900K [0x00000000d5580000, 0x00000000eb380000, 0x0000000100000000)
  eden space 228352K, 0% used [0x00000000d5580000,0x00000000d5580000,0x00000000e3480000)
  from space 45056K, 50% used [0x00000000e3480000,0x00000000e4add228,0x00000000e6080000)
  to   space 44544K, 0% used [0x00000000e8800000,0x00000000e8800000,0x00000000eb380000)
 ParOldGen       total 70144K, used 69353K [0x0000000080000000, 0x0000000084480000, 0x00000000d5580000)
  object space 70144K, 98% used [0x0000000080000000,0x00000000843ba538,0x0000000084480000)
 Metaspace       used 92842K, capacity 97342K, committed 97560K, reserved 1134592K
  class space    used 12460K, capacity 13280K, committed 13360K, reserved 1048576K

